<?xml version="1.0" encoding="UTF-8"?>
<testng-results skipped="0" failed="0" total="1" passed="1">
  <reporter-output>
  </reporter-output>
  <suite name="demo.model.integrationtests.RunnerIntegrationTest" duration-ms="5403" started-at="2017-11-08T15:54:19Z" finished-at="2017-11-08T15:54:25Z">
    <groups>
      <group name="cucumber">
        <method signature="AbstractTestNGCucumberTests.feature(cucumber.api.testng.CucumberFeatureWrapper)[pri:0, instance:demo.model.integrationtests.RunnerIntegrationTest@6cd8737]" name="feature" class="cucumber.api.testng.AbstractTestNGCucumberTests"/>
      </group> <!-- cucumber -->
    </groups>
    <test name="Command line test" duration-ms="5403" started-at="2017-11-08T15:54:19Z" finished-at="2017-11-08T15:54:25Z">
      <class name="demo.model.integrationtests.RunnerIntegrationTest">
        <test-method status="PASS" signature="setUpClass()[pri:0, instance:demo.model.integrationtests.RunnerIntegrationTest@6cd8737]" name="setUpClass" is-config="true" duration-ms="673" started-at="2017-11-08T15:54:19Z" finished-at="2017-11-08T15:54:20Z">
          <reporter-output>
          </reporter-output>
        </test-method> <!-- setUpClass -->
        <test-method status="PASS" signature="feature(cucumber.api.testng.CucumberFeatureWrapper)[pri:0, instance:demo.model.integrationtests.RunnerIntegrationTest@6cd8737]" name="feature" duration-ms="4354" started-at="2017-11-08T15:54:20Z" description="Runs Cucumber Feature" data-provider="features" finished-at="2017-11-08T15:54:25Z">
          <params>
            <param index="0">
              <value>
                <![CDATA[The business logic can transfer employees between departments]]>
              </value>
            </param>
          </params>
          <reporter-output>
          </reporter-output>
        </test-method> <!-- feature -->
        <test-method status="PASS" signature="tearDownClass()[pri:0, instance:demo.model.integrationtests.RunnerIntegrationTest@6cd8737]" name="tearDownClass" is-config="true" duration-ms="188" started-at="2017-11-08T15:54:25Z" finished-at="2017-11-08T15:54:25Z">
          <reporter-output>
          </reporter-output>
        </test-method> <!-- tearDownClass -->
      </class> <!-- demo.model.integrationtests.RunnerIntegrationTest -->
    </test> <!-- Command line test -->
  </suite> <!-- demo.model.integrationtests.RunnerIntegrationTest -->
</testng-results>
